d:\ig_primerapractica\proyectosogrevc15x86\ig2app\release\vc142.pdb
d:\ig_primerapractica\proyectosogrevc15x86\ig2app\release\simbad.obj
d:\ig_primerapractica\proyectosogrevc15x86\ig2app\release\plano.obj
d:\ig_primerapractica\proyectosogrevc15x86\ig2app\release\molino.obj
d:\ig_primerapractica\proyectosogrevc15x86\ig2app\release\ig2main.obj
d:\ig_primerapractica\proyectosogrevc15x86\ig2app\release\ig2applicationcontext.obj
d:\ig_primerapractica\proyectosogrevc15x86\ig2app\release\ig2app.obj
d:\ig_primerapractica\proyectosogrevc15x86\ig2app\release\entidadig.obj
d:\ig_primerapractica\proyectosogrevc15x86\ig2app\release\boya.obj
d:\ig_primerapractica\proyectosogrevc15x86\ig2app\release\avion.obj
d:\ig_primerapractica\proyectosogrevc15x86\ig2app\release\aspasmolino.obj
d:\ig_primerapractica\proyectosogrevc15x86\ig2app\release\aspa.obj
d:\ig_primerapractica\proyectosogrevc15x86\bin\ig2apprelease.ipdb
d:\ig_primerapractica\proyectosogrevc15x86\bin\ig2apprelease.iobj
d:\ig_primerapractica\proyectosogrevc15x86\bin\ig2apprelease.exe
d:\ig_primerapractica\proyectosogrevc15x86\bin\ig2apprelease.pdb
d:\ig_primerapractica\proyectosogrevc15x86\ig2app\release\ig2app.tlog\cl.command.1.tlog
d:\ig_primerapractica\proyectosogrevc15x86\ig2app\release\ig2app.tlog\cl.read.1.tlog
d:\ig_primerapractica\proyectosogrevc15x86\ig2app\release\ig2app.tlog\cl.write.1.tlog
d:\ig_primerapractica\proyectosogrevc15x86\ig2app\release\ig2app.tlog\ig2app.write.1u.tlog
d:\ig_primerapractica\proyectosogrevc15x86\ig2app\release\ig2app.tlog\link.command.1.tlog
d:\ig_primerapractica\proyectosogrevc15x86\ig2app\release\ig2app.tlog\link.read.1.tlog
d:\ig_primerapractica\proyectosogrevc15x86\ig2app\release\ig2app.tlog\link.write.1.tlog
