  Entity.cpp
D:\VisualStudio\C++\IG_PrimeraPractica\IG1App\Entity.cpp(252,46): warning C4244: 'argument': conversion from 'GLdouble' to 'GLuint', possible loss of data
D:\VisualStudio\C++\IG_PrimeraPractica\IG1App\Entity.cpp(574,39): warning C4244: 'argument': conversion from 'const T' to 'GLfloat', possible loss of data
          with
          [
              T=glm::f64
          ]
D:\VisualStudio\C++\IG_PrimeraPractica\IG1App\Entity.cpp(574,29): warning C4244: 'argument': conversion from 'const T' to 'GLfloat', possible loss of data
          with
          [
              T=glm::f64
          ]
D:\VisualStudio\C++\IG_PrimeraPractica\IG1App\Entity.cpp(574,19): warning C4244: 'argument': conversion from 'const T' to 'GLfloat', possible loss of data
          with
          [
              T=glm::f64
          ]
D:\VisualStudio\C++\IG_PrimeraPractica\IG1App\Entity.cpp(599,39): warning C4244: 'argument': conversion from 'const T' to 'GLfloat', possible loss of data
          with
          [
              T=glm::f64
          ]
D:\VisualStudio\C++\IG_PrimeraPractica\IG1App\Entity.cpp(599,29): warning C4244: 'argument': conversion from 'const T' to 'GLfloat', possible loss of data
          with
          [
              T=glm::f64
          ]
D:\VisualStudio\C++\IG_PrimeraPractica\IG1App\Entity.cpp(599,19): warning C4244: 'argument': conversion from 'const T' to 'GLfloat', possible loss of data
          with
          [
              T=glm::f64
          ]
D:\VisualStudio\C++\IG_PrimeraPractica\IG1App\Entity.cpp(669,29): warning C4244: 'initializing': conversion from 'GLdouble' to 'size_t', possible loss of data
D:\VisualStudio\C++\IG_PrimeraPractica\IG1App\Entity.cpp(670,24): warning C4244: 'initializing': conversion from 'GLdouble' to 'float', possible loss of data
D:\VisualStudio\C++\IG_PrimeraPractica\IG1App\Entity.cpp(678,43): warning C4244: 'argument': conversion from 'GLdouble' to 'int', possible loss of data
D:\VisualStudio\C++\IG_PrimeraPractica\IG1App\Entity.cpp(690,39): warning C4244: 'argument': conversion from 'const T' to 'GLfloat', possible loss of data
          with
          [
              T=glm::f64
          ]
D:\VisualStudio\C++\IG_PrimeraPractica\IG1App\Entity.cpp(690,29): warning C4244: 'argument': conversion from 'const T' to 'GLfloat', possible loss of data
          with
          [
              T=glm::f64
          ]
D:\VisualStudio\C++\IG_PrimeraPractica\IG1App\Entity.cpp(690,19): warning C4244: 'argument': conversion from 'const T' to 'GLfloat', possible loss of data
          with
          [
              T=glm::f64
          ]
D:\VisualStudio\C++\IG_PrimeraPractica\IG1App\Entity.cpp(732,40): warning C4244: 'argument': conversion from 'GLdouble' to 'GLuint', possible loss of data
  IG1App.cpp
  Light.cpp
  Scene.cpp
D:\VisualStudio\C++\IG_PrimeraPractica\IG1App\Scene.cpp(283,47): warning C4305: 'argument': truncation from 'double' to 'GLclampf'
  Texture.cpp
  main.cpp
  Generating Code...
  IG1App.vcxproj -> D:\VisualStudio\C++\IG_PrimeraPractica\bin\IG1AppDebug.exe
